<?xml version="1.0" encoding="UTF-8"?>
<robot generator="Robot 7.2.2 (Python 3.13.2 on win32)" generated="2025-02-26T19:06:57.393961" rpa="false" schemaversion="5">
<suite id="s1" name="Test" source="C:\Users\wazow\OneDrive\เอกสาร\New folder\testcase supphawich\test.robot">
<test id="s1-t1" name="เปิดหน้า Champions และตรวจสอบการโหลดข้อมูล" line="10">
<kw name="Open Browser" owner="SeleniumLibrary">
<msg time="2025-02-26T19:06:57.550016" level="INFO">Opening browser 'chrome' to base url 'https://www.leagueoflegends.com/th-th/champions/'.</msg>
<arg>${URL}</arg>
<arg>${BROWSER}</arg>
<doc>Opens a new browser instance to the optional ``url``.</doc>
<status status="PASS" start="2025-02-26T19:06:57.549837" elapsed="2.559175"/>
</kw>
<kw name="Wait Until Page Contains" owner="SeleniumLibrary">
<msg time="2025-02-26T19:07:05.342116" level="INFO" html="true">&lt;/td&gt;&lt;/tr&gt;&lt;tr&gt;&lt;td colspan="3"&gt;&lt;a href="selenium-screenshot-7.png"&gt;&lt;img src="selenium-screenshot-7.png" width="800px"&gt;&lt;/a&gt;</msg>
<msg time="2025-02-26T19:07:05.342243" level="FAIL">Text 'แชมเปี้ยนทั้งหมด' did not appear in 5 seconds.</msg>
<arg>แชมเปี้ยนทั้งหมด</arg>
<doc>Waits until ``text`` appears on the current page.</doc>
<status status="FAIL" start="2025-02-26T19:07:00.109644" elapsed="5.233925">Text 'แชมเปี้ยนทั้งหมด' did not appear in 5 seconds.</status>
</kw>
<kw name="Capture Page Screenshot" owner="SeleniumLibrary">
<doc>Takes a screenshot of the current page and embeds it into a log file.</doc>
<status status="NOT RUN" start="2025-02-26T19:07:05.343789" elapsed="0.000028"/>
</kw>
<kw name="Close Browser" owner="SeleniumLibrary">
<doc>Closes the current browser.</doc>
<status status="NOT RUN" start="2025-02-26T19:07:05.343968" elapsed="0.000029"/>
</kw>
<status status="FAIL" start="2025-02-26T19:06:57.548745" elapsed="7.795410">Text 'แชมเปี้ยนทั้งหมด' did not appear in 5 seconds.</status>
</test>
<test id="s1-t2" name="ค้นหาฮีโร่ &quot;Ahri&quot;" line="16">
<kw name="Open Browser" owner="SeleniumLibrary">
<msg time="2025-02-26T19:07:05.345042" level="INFO">Opening browser 'chrome' to base url 'https://www.leagueoflegends.com/th-th/champions/'.</msg>
<arg>${URL}</arg>
<arg>${BROWSER}</arg>
<doc>Opens a new browser instance to the optional ``url``.</doc>
<status status="PASS" start="2025-02-26T19:07:05.344897" elapsed="2.509297"/>
</kw>
<kw name="Input Text" owner="SeleniumLibrary">
<msg time="2025-02-26T19:07:07.855126" level="INFO">Typing text 'Ahri' into text field 'xpath=//input[@placeholder="ค้นหา"]'.</msg>
<msg time="2025-02-26T19:07:08.026383" level="INFO" html="true">&lt;/td&gt;&lt;/tr&gt;&lt;tr&gt;&lt;td colspan="3"&gt;&lt;a href="selenium-screenshot-8.png"&gt;&lt;img src="selenium-screenshot-8.png" width="800px"&gt;&lt;/a&gt;</msg>
<msg time="2025-02-26T19:07:08.026498" level="FAIL">Element with locator 'xpath=//input[@placeholder="ค้นหา"]' not found.</msg>
<arg>xpath=//input[@placeholder="ค้นหา"]</arg>
<arg>Ahri</arg>
<doc>Types the given ``text`` into the text field identified by ``locator``.</doc>
<status status="FAIL" start="2025-02-26T19:07:07.854609" elapsed="0.173303">Element with locator 'xpath=//input[@placeholder="ค้นหา"]' not found.</status>
</kw>
<kw name="Press Keys" owner="SeleniumLibrary">
<arg>xpath=//input[@placeholder="ค้นหา"]</arg>
<arg>RETURN</arg>
<doc>Simulates the user pressing key(s) to an element or on the active browser.</doc>
<status status="NOT RUN" start="2025-02-26T19:07:08.028190" elapsed="0.000037"/>
</kw>
<kw name="Wait Until Page Contains" owner="SeleniumLibrary">
<arg>Ahri</arg>
<doc>Waits until ``text`` appears on the current page.</doc>
<status status="NOT RUN" start="2025-02-26T19:07:08.028356" elapsed="0.000021"/>
</kw>
<kw name="Capture Page Screenshot" owner="SeleniumLibrary">
<doc>Takes a screenshot of the current page and embeds it into a log file.</doc>
<status status="NOT RUN" start="2025-02-26T19:07:08.028479" elapsed="0.000020"/>
</kw>
<kw name="Close Browser" owner="SeleniumLibrary">
<doc>Closes the current browser.</doc>
<status status="NOT RUN" start="2025-02-26T19:07:08.028590" elapsed="0.000018"/>
</kw>
<status status="FAIL" start="2025-02-26T19:07:05.344522" elapsed="2.684231">Element with locator 'xpath=//input[@placeholder="ค้นหา"]' not found.</status>
</test>
<test id="s1-t3" name="คลิกฮีโร่ &quot;Ahri&quot; และตรวจสอบโปรไฟล์" line="24">
<kw name="Open Browser" owner="SeleniumLibrary">
<msg time="2025-02-26T19:07:08.029899" level="INFO">Opening browser 'chrome' to base url 'https://www.leagueoflegends.com/th-th/champions/'.</msg>
<arg>${URL}</arg>
<arg>${BROWSER}</arg>
<doc>Opens a new browser instance to the optional ``url``.</doc>
<status status="PASS" start="2025-02-26T19:07:08.029747" elapsed="2.617561"/>
</kw>
<kw name="Click Element" owner="SeleniumLibrary">
<msg time="2025-02-26T19:07:10.647747" level="INFO">Clicking element 'xpath=//a[contains(@href, "ahri")]'.</msg>
<arg>xpath=//a[contains(@href, "ahri")]</arg>
<doc>Click the element identified by ``locator``.</doc>
<status status="PASS" start="2025-02-26T19:07:10.647583" elapsed="0.913511"/>
</kw>
<kw name="Wait Until Page Contains" owner="SeleniumLibrary">
<arg>Ahri</arg>
<doc>Waits until ``text`` appears on the current page.</doc>
<status status="PASS" start="2025-02-26T19:07:11.561350" elapsed="0.025804"/>
</kw>
<kw name="Capture Page Screenshot" owner="SeleniumLibrary">
<msg time="2025-02-26T19:07:11.757746" level="INFO" html="true">&lt;/td&gt;&lt;/tr&gt;&lt;tr&gt;&lt;td colspan="3"&gt;&lt;a href="selenium-screenshot-9.png"&gt;&lt;img src="selenium-screenshot-9.png" width="800px"&gt;&lt;/a&gt;</msg>
<doc>Takes a screenshot of the current page and embeds it into a log file.</doc>
<status status="PASS" start="2025-02-26T19:07:11.587361" elapsed="0.170534"/>
</kw>
<kw name="Close Browser" owner="SeleniumLibrary">
<doc>Closes the current browser.</doc>
<status status="PASS" start="2025-02-26T19:07:11.758203" elapsed="2.108506"/>
</kw>
<status status="PASS" start="2025-02-26T19:07:08.029107" elapsed="5.838194"/>
</test>
<status status="FAIL" start="2025-02-26T19:06:57.395351" elapsed="16.472854"/>
</suite>
<statistics>
<total>
<stat pass="1" fail="2" skip="0">All Tests</stat>
</total>
<tag>
</tag>
<suite>
<stat name="Test" id="s1" pass="1" fail="2" skip="0">Test</stat>
</suite>
</statistics>
<errors>
</errors>
</robot>
